<?xml version="1.0" encoding="UTF-8"?>
<!-- Generated by org.testng.reporters.JUnitReportReporter -->
<testsuite hostname="Eqanims-MacBook-Air.local" failures="0" tests="1" name="com.RegistryModule2.Test.LoginTest" time="14.240" errors="0" timestamp="2023-11-23T15:35:43 IST" skipped="0">
  <testcase classname="com.RegistryModule2.Test.LoginTest" name="SelectJurisdictionandLangaugeForCalifornia" time="14.240"/>
</testsuite> <!-- com.RegistryModule2.Test.LoginTest -->
