<?xml version="1.0" encoding="UTF-8"?>
<!-- Generated by org.testng.reporters.JUnitReportReporter -->
<testsuite hostname="Eqanims-MacBook-Air.local" failures="0" tests="72" name="com.RegistryModule2.Test.EAA_Page_Tests" time="1.361" errors="1" timestamp="2023-11-29T11:45:31 IST" skipped="71">
  <testcase classname="com.RegistryModule2.Test.EAA_Page_Tests" name="Verification_of_Change_Jurisdiction_when_EntityID_NotAssigned" time="0.000">
    <skipped/>
  </testcase> <!-- Verification_of_Change_Jurisdiction_when_EntityID_NotAssigned -->
  <testcase classname="com.RegistryModule2.Test.EAA_Page_Tests" name="initialization" time="1.355">
    <error message="Could not create a session: The Safari instance is already paired with another WebDriver session.
Build info: version: &#039;3.141.59&#039;, revision: &#039;e82be7d358&#039;, time: &#039;2018-11-14T08:17:03&#039;
System info: host: &#039;Eqanims-MacBook-Air.local&#039;, ip: &#039;fe80:0:0:0:a1:81ea:4d84:7df4%en0&#039;, os.name: &#039;Mac OS X&#039;, os.arch: &#039;x86_64&#039;, os.version: &#039;14.1.1&#039;, java.version: &#039;17.0.7&#039;
Driver info: driver.version: SafariDriver
remote stacktrace: " type="org.openqa.selenium.SessionNotCreatedException">
      <![CDATA[org.openqa.selenium.SessionNotCreatedException: Could not create a session: The Safari instance is already paired with another WebDriver session.
Build info: version: '3.141.59', revision: 'e82be7d358', time: '2018-11-14T08:17:03'
System info: host: 'Eqanims-MacBook-Air.local', ip: 'fe80:0:0:0:a1:81ea:4d84:7df4%en0', os.name: 'Mac OS X', os.arch: 'x86_64', os.version: '14.1.1', java.version: '17.0.7'
Driver info: driver.version: SafariDriver
remote stacktrace: 
at java.base/jdk.internal.reflect.NativeConstructorAccessorImpl.newInstance0(Native Method)
at java.base/jdk.internal.reflect.NativeConstructorAccessorImpl.newInstance(NativeConstructorAccessorImpl.java:77)
at java.base/jdk.internal.reflect.DelegatingConstructorAccessorImpl.newInstance(DelegatingConstructorAccessorImpl.java:45)
at java.base/java.lang.reflect.Constructor.newInstanceWithCaller(Constructor.java:499)
at java.base/java.lang.reflect.Constructor.newInstance(Constructor.java:480)
at org.openqa.selenium.remote.W3CHandshakeResponse.lambda$errorHandler$0(W3CHandshakeResponse.java:62)
at org.openqa.selenium.remote.HandshakeResponse.lambda$getResponseFunction$0(HandshakeResponse.java:30)
at org.openqa.selenium.remote.ProtocolHandshake.lambda$createSession$0(ProtocolHandshake.java:126)
at java.base/java.util.stream.ReferencePipeline$3$1.accept(ReferencePipeline.java:197)
at java.base/java.util.Spliterators$ArraySpliterator.tryAdvance(Spliterators.java:1002)
at java.base/java.util.stream.ReferencePipeline.forEachWithCancel(ReferencePipeline.java:129)
at java.base/java.util.stream.AbstractPipeline.copyIntoWithCancel(AbstractPipeline.java:527)
at java.base/java.util.stream.AbstractPipeline.copyInto(AbstractPipeline.java:513)
at java.base/java.util.stream.AbstractPipeline.wrapAndCopyInto(AbstractPipeline.java:499)
at java.base/java.util.stream.FindOps$FindOp.evaluateSequential(FindOps.java:150)
at java.base/java.util.stream.AbstractPipeline.evaluate(AbstractPipeline.java:234)
at java.base/java.util.stream.ReferencePipeline.findFirst(ReferencePipeline.java:647)
at org.openqa.selenium.remote.ProtocolHandshake.createSession(ProtocolHandshake.java:128)
at org.openqa.selenium.remote.ProtocolHandshake.createSession(ProtocolHandshake.java:74)
at org.openqa.selenium.remote.HttpCommandExecutor.execute(HttpCommandExecutor.java:136)
at org.openqa.selenium.remote.service.DriverCommandExecutor.execute(DriverCommandExecutor.java:83)
at org.openqa.selenium.remote.RemoteWebDriver.execute(RemoteWebDriver.java:552)
at org.openqa.selenium.remote.RemoteWebDriver.startSession(RemoteWebDriver.java:213)
at org.openqa.selenium.remote.RemoteWebDriver.<init>(RemoteWebDriver.java:131)
at org.openqa.selenium.safari.SafariDriver.<init>(SafariDriver.java:81)
at org.openqa.selenium.safari.SafariDriver.<init>(SafariDriver.java:63)
at org.openqa.selenium.safari.SafariDriver.<init>(SafariDriver.java:41)
at com.RegistryModule2.Utility.TestBase.initialization(TestBase.java:79)
at java.base/jdk.internal.reflect.NativeMethodAccessorImpl.invoke0(Native Method)
at java.base/jdk.internal.reflect.NativeMethodAccessorImpl.invoke(NativeMethodAccessorImpl.java:77)
at java.base/jdk.internal.reflect.DelegatingMethodAccessorImpl.invoke(DelegatingMethodAccessorImpl.java:43)
at java.base/java.lang.reflect.Method.invoke(Method.java:568)
at org.testng.internal.invokers.MethodInvocationHelper.invokeMethod(MethodInvocationHelper.java:139)
at org.testng.internal.invokers.MethodInvocationHelper.invokeMethodConsideringTimeout(MethodInvocationHelper.java:69)
at org.testng.internal.invokers.ConfigInvoker.invokeConfigurationMethod(ConfigInvoker.java:390)
at org.testng.internal.invokers.ConfigInvoker.invokeConfigurations(ConfigInvoker.java:325)
at org.testng.internal.invokers.TestInvoker.runConfigMethods(TestInvoker.java:810)
at org.testng.internal.invokers.TestInvoker.invokeMethod(TestInvoker.java:577)
at org.testng.internal.invokers.TestInvoker.invokeTestMethod(TestInvoker.java:227)
at org.testng.internal.invokers.MethodRunner.runInSequence(MethodRunner.java:50)
at org.testng.internal.invokers.TestInvoker$MethodInvocationAgent.invoke(TestInvoker.java:957)
at org.testng.internal.invokers.TestInvoker.invokeTestMethods(TestInvoker.java:200)
at org.testng.internal.invokers.TestMethodWorker.invokeTestMethods(TestMethodWorker.java:148)
at org.testng.internal.invokers.TestMethodWorker.run(TestMethodWorker.java:128)
at java.base/java.util.ArrayList.forEach(ArrayList.java:1511)
at org.testng.TestRunner.privateRun(TestRunner.java:848)
at org.testng.TestRunner.run(TestRunner.java:621)
at org.testng.SuiteRunner.runTest(SuiteRunner.java:443)
at org.testng.SuiteRunner.runSequentially(SuiteRunner.java:437)
at org.testng.SuiteRunner.privateRun(SuiteRunner.java:397)
at org.testng.SuiteRunner.run(SuiteRunner.java:336)
at org.testng.SuiteRunnerWorker.runSuite(SuiteRunnerWorker.java:52)
at org.testng.SuiteRunnerWorker.run(SuiteRunnerWorker.java:95)
at org.testng.TestNG.runSuitesSequentially(TestNG.java:1280)
at org.testng.TestNG.runSuitesLocally(TestNG.java:1200)
at org.testng.TestNG.runSuites(TestNG.java:1114)
at org.testng.TestNG.run(TestNG.java:1082)
at org.testng.remote.AbstractRemoteTestNG.run(AbstractRemoteTestNG.java:115)
at org.testng.remote.RemoteTestNG.initAndRun(RemoteTestNG.java:251)
at org.testng.remote.RemoteTestNG.main(RemoteTestNG.java:77)
]]>
    </error>
  </testcase> <!-- initialization -->
  <testcase classname="com.RegistryModule2.Test.EAA_Page_Tests" name="createEAA" time="0.001">
    <skipped/>
  </testcase> <!-- createEAA -->
  <testcase classname="com.RegistryModule2.Test.EAA_Page_Tests" name="T50020_Verification_of_accessibility_of_Entity_Account_Application_IndividualUser" time="0.000">
    <skipped/>
  </testcase> <!-- T50020_Verification_of_accessibility_of_Entity_Account_Application_IndividualUser -->
  <testcase classname="com.RegistryModule2.Test.EAA_Page_Tests" name="approve_Entity_By_Registrar_and_Assigning_LUHA_Account" time="0.000">
    <skipped/>
  </testcase> <!-- approve_Entity_By_Registrar_and_Assigning_LUHA_Account -->
  <testcase classname="com.RegistryModule2.Test.EAA_Page_Tests" name="T50022_Verification_of_accessibility_of_Register_an_Entity_button_of_Entity_Account_Application_Page" time="0.000">
    <skipped/>
  </testcase> <!-- T50022_Verification_of_accessibility_of_Register_an_Entity_button_of_Entity_Account_Application_Page -->
  <testcase classname="com.RegistryModule2.Test.EAA_Page_Tests" name="C39324_Verification_of_accessibility_EAA_Option_for_Denied_IndividualUser" time="0.000">
    <skipped/>
  </testcase> <!-- C39324_Verification_of_accessibility_EAA_Option_for_Denied_IndividualUser -->
  <testcase classname="com.RegistryModule2.Test.EAA_Page_Tests" name="T50024_Verification_of_Select_Jurisdiction_functionality" time="0.000">
    <skipped/>
  </testcase> <!-- T50024_Verification_of_Select_Jurisdiction_functionality -->
  <testcase classname="com.RegistryModule2.Test.EAA_Page_Tests" name="Verification_of_Exit_Application_button_of_Select_Juridisction_page" time="0.000">
    <skipped/>
  </testcase> <!-- Verification_of_Exit_Application_button_of_Select_Juridisction_page -->
  <testcase classname="com.RegistryModule2.Test.EAA_Page_Tests" name="C36133_UI_Verification_of_Select_Entity_Type_section" time="0.000">
    <skipped/>
  </testcase> <!-- C36133_UI_Verification_of_Select_Entity_Type_section -->
  <testcase classname="com.RegistryModule2.Test.EAA_Page_Tests" name="C36135_Verification_of_Cancel_button_of_Select_Entity_Type_section" time="0.000">
    <skipped/>
  </testcase> <!-- C36135_Verification_of_Cancel_button_of_Select_Entity_Type_section -->
  <testcase classname="com.RegistryModule2.Test.EAA_Page_Tests" name="C36136_UI_Verification_of_Entity_Information_and_Identifiers_page_for_California_Jurisdiction_and_Covered_Entity" time="0.000">
    <skipped/>
  </testcase> <!-- C36136_UI_Verification_of_Entity_Information_and_Identifiers_page_for_California_Jurisdiction_and_Covered_Entity -->
  <testcase classname="com.RegistryModule2.Test.EAA_Page_Tests" name="Entity_account_application_select_entitytype" time="0.000">
    <skipped/>
  </testcase> <!-- Entity_account_application_select_entitytype -->
  <testcase classname="com.RegistryModule2.Test.EAA_Page_Tests" name="Verification_of_region_feild" time="0.000">
    <skipped/>
  </testcase> <!-- Verification_of_region_feild -->
  <testcase classname="com.RegistryModule2.Test.EAA_Page_Tests" name="C36138_Verification_of_incorporation_State_Or_Province_feild" time="0.000">
    <skipped/>
  </testcase> <!-- C36138_Verification_of_incorporation_State_Or_Province_feild -->
  <testcase classname="com.RegistryModule2.Test.EAA_Page_Tests" name="C36139_Verification_of_continue_button" time="0.000">
    <skipped/>
  </testcase> <!-- C36139_Verification_of_continue_button -->
  <testcase classname="com.RegistryModule2.Test.EAA_Page_Tests" name="C36141_Verification_Of_Cancel_Button_On_Entity_Identifier_Feild" time="0.001">
    <skipped/>
  </testcase> <!-- C36141_Verification_Of_Cancel_Button_On_Entity_Identifier_Feild -->
  <testcase classname="com.RegistryModule2.Test.EAA_Page_Tests" name="C36142_verification_of_Entity_Information_Page_for_California_Jurisdiction_GMPO_EntityType" time="0.000">
    <skipped/>
  </testcase> <!-- C36142_verification_of_Entity_Information_Page_for_California_Jurisdiction_GMPO_EntityType -->
  <testcase classname="com.RegistryModule2.Test.EAA_Page_Tests" name="C37495_verification_of_Entity_Information_Page_for_Quebec_Jurisdiction_GMPO_EntityType" time="0.000">
    <skipped/>
  </testcase> <!-- C37495_verification_of_Entity_Information_Page_for_Quebec_Jurisdiction_GMPO_EntityType -->
  <testcase classname="com.RegistryModule2.Test.EAA_Page_Tests" name="C37498_verification_of_Entity_Information_Page_for_Washington_Jurisdiction_GMPO_EntityType" time="0.000">
    <skipped/>
  </testcase> <!-- C37498_verification_of_Entity_Information_Page_for_Washington_Jurisdiction_GMPO_EntityType -->
  <testcase classname="com.RegistryModule2.Test.EAA_Page_Tests" name="C37497_verification_of_Entity_Information_Page_for_NovaScotia_Jurisdiction_GMPO_EntityType" time="0.000">
    <skipped/>
  </testcase> <!-- C37497_verification_of_Entity_Information_Page_for_NovaScotia_Jurisdiction_GMPO_EntityType -->
  <testcase classname="com.RegistryModule2.Test.EAA_Page_Tests" name="C36150_Verification_of_User_Classification_for_All_Jurisdiction_And_EntityType_GMPI" time="0.000">
    <skipped/>
  </testcase> <!-- C36150_Verification_of_User_Classification_for_All_Jurisdiction_And_EntityType_GMPI -->
  <testcase classname="com.RegistryModule2.Test.EAA_Page_Tests" name="Verification_of_Purpose_of_Account_for_All_Jurisdiction" time="0.000">
    <skipped/>
  </testcase> <!-- Verification_of_Purpose_of_Account_for_All_Jurisdiction -->
  <testcase classname="com.RegistryModule2.Test.EAA_Page_Tests" name="Verification_of_Purpose_of_account_and_User_Classification_dropdown_on_Entity_Information_page" time="0.000">
    <skipped/>
  </testcase> <!-- Verification_of_Purpose_of_account_and_User_Classification_dropdown_on_Entity_Information_page -->
  <testcase classname="com.RegistryModule2.Test.EAA_Page_Tests" name="Verification_of_Textbox_when_user_selects_OtherOptionInThe_User_Classification_dropdown" time="0.000">
    <skipped/>
  </testcase> <!-- Verification_of_Textbox_when_user_selects_OtherOptionInThe_User_Classification_dropdown -->
  <testcase classname="com.RegistryModule2.Test.EAA_Page_Tests" name="verification_Cancel_Button_Functionality_of_Entity_Information_Page_GMPI_EntityType" time="0.000">
    <skipped/>
  </testcase> <!-- verification_Cancel_Button_Functionality_of_Entity_Information_Page_GMPI_EntityType -->
  <testcase classname="com.RegistryModule2.Test.EAA_Page_Tests" name="Verification_of_Continue_button_of_Entity_Information_section" time="0.000">
    <skipped/>
  </testcase> <!-- Verification_of_Continue_button_of_Entity_Information_section -->
  <testcase classname="com.RegistryModule2.Test.EAA_Page_Tests" name="Verification_of_EAA_initiation_by_individul_User_PAR_AAR_AVA" time="0.000">
    <skipped/>
  </testcase> <!-- Verification_of_EAA_initiation_by_individul_User_PAR_AAR_AVA -->
  <testcase classname="com.RegistryModule2.Test.EAA_Page_Tests" name="Verification_of_multiple_EAA_initiation_by_individul_User_PAR_AAR_AVA" time="0.000">
    <skipped/>
  </testcase> <!-- Verification_of_multiple_EAA_initiation_by_individul_User_PAR_AAR_AVA -->
  <testcase classname="com.RegistryModule2.Test.EAA_Page_Tests" name="Verification_of_Select_Jurisdiction_Functionality" time="0.000">
    <skipped/>
  </testcase> <!-- Verification_of_Select_Jurisdiction_Functionality -->
  <testcase classname="com.RegistryModule2.Test.EAA_Page_Tests" name="Verification_of_Select_Jurisdiction_Functionality_Continue_button_with_emptyData" time="0.000">
    <skipped/>
  </testcase> <!-- Verification_of_Select_Jurisdiction_Functionality_Continue_button_with_emptyData -->
  <testcase classname="com.RegistryModule2.Test.EAA_Page_Tests" name="Verification_of_change_in_jurisdiction_when_Entity_ID_is_assigned_OR_Entity_created_is_in_Saved_status" time="0.001">
    <skipped/>
  </testcase> <!-- Verification_of_change_in_jurisdiction_when_Entity_ID_is_assigned_OR_Entity_created_is_in_Saved_status -->
  <testcase classname="com.RegistryModule2.Test.EAA_Page_Tests" name="Verification_of_Change_entity_type_when_Individual_user_goes_back" time="0.001">
    <skipped/>
  </testcase> <!-- Verification_of_Change_entity_type_when_Individual_user_goes_back -->
  <testcase classname="com.RegistryModule2.Test.EAA_Page_Tests" name="Verification_of_Change_entity_type_Funtionality_After_Entity_id" time="0.000">
    <skipped/>
  </testcase> <!-- Verification_of_Change_entity_type_Funtionality_After_Entity_id -->
  <testcase classname="com.RegistryModule2.Test.EAA_Page_Tests" name="C37539_UI_Verification_of_Alternate_Contact_Person_section_for_Covered_entity_type" time="0.000">
    <skipped/>
  </testcase> <!-- C37539_UI_Verification_of_Alternate_Contact_Person_section_for_Covered_entity_type -->
  <testcase classname="com.RegistryModule2.Test.EAA_Page_Tests" name="Verification_of_First_Name_Last_Name_and_Position_text_or_EmailAdress_fields_Covered_entity_type" time="0.000">
    <skipped/>
  </testcase> <!-- Verification_of_First_Name_Last_Name_and_Position_text_or_EmailAdress_fields_Covered_entity_type -->
  <testcase classname="com.RegistryModule2.Test.EAA_Page_Tests" name="Verification_of_Telephone_Num_Or_Mobile_Num_Last_Name_and_Position_text_fields_Covered_entity_type" time="0.000">
    <skipped/>
  </testcase> <!-- Verification_of_Telephone_Num_Or_Mobile_Num_Last_Name_and_Position_text_fields_Covered_entity_type -->
  <testcase classname="com.RegistryModule2.Test.EAA_Page_Tests" name="Verification_of_Alternate_Contact_Person_section_for_Quebec_Jurisdiction" time="0.000">
    <skipped/>
  </testcase> <!-- Verification_of_Alternate_Contact_Person_section_for_Quebec_Jurisdiction -->
  <testcase classname="com.RegistryModule2.Test.EAA_Page_Tests" name="Verification_of_Mandatory_Feilds_On_Alternate_Contact_Person_section_for_Quebec_Jurisdiction" time="0.000">
    <skipped/>
  </testcase> <!-- Verification_of_Mandatory_Feilds_On_Alternate_Contact_Person_section_for_Quebec_Jurisdiction -->
  <testcase classname="com.RegistryModule2.Test.EAA_Page_Tests" name="Entity_Account_Application_Update_Entity_Status" time="0.000">
    <skipped/>
  </testcase> <!-- Entity_Account_Application_Update_Entity_Status -->
  <testcase classname="com.RegistryModule2.Test.EAA_Page_Tests" name="Entity_Account_Application_Assign_Unique_Entity_ID" time="0.001">
    <skipped/>
  </testcase> <!-- Entity_Account_Application_Assign_Unique_Entity_ID -->
  <testcase classname="com.RegistryModule2.Test.EAA_Page_Tests" name="Verification_of_assigning_Unique_ID_functionality" time="0.000">
    <skipped/>
  </testcase> <!-- Verification_of_assigning_Unique_ID_functionality -->
  <testcase classname="com.RegistryModule2.Test.EAA_Page_Tests" name="Verification_of_Entity_Status_on_Save_EAA_for_Covered_Entity_Type" time="0.000">
    <skipped/>
  </testcase> <!-- Verification_of_Entity_Status_on_Save_EAA_for_Covered_Entity_Type -->
  <testcase classname="com.RegistryModule2.Test.EAA_Page_Tests" name="Verification_of_Entity_Status_on_Save_EAA_for_GMPO_or_GMPI_Entity_Type" time="0.000">
    <skipped/>
  </testcase> <!-- Verification_of_Entity_Status_on_Save_EAA_for_GMPO_or_GMPI_Entity_Type -->
  <testcase classname="com.RegistryModule2.Test.EAA_Page_Tests" name="verificationOfIndividualUserisAbleToViewTheListOfOrganisationAsADropdown" time="0.000">
    <skipped/>
  </testcase> <!-- verificationOfIndividualUserisAbleToViewTheListOfOrganisationAsADropdown -->
  <testcase classname="com.RegistryModule2.Test.EAA_Page_Tests" name="Verification_of_accessibility_of_Entity_Accounts_on_Entity_Profile_page" time="0.000">
    <skipped/>
  </testcase> <!-- Verification_of_accessibility_of_Entity_Accounts_on_Entity_Profile_page -->
  <testcase classname="com.RegistryModule2.Test.EAA_Page_Tests" name="Verification_of_view_Entity_Accounts_Details_page_from_entity_profile_page" time="0.000">
    <skipped/>
  </testcase> <!-- Verification_of_view_Entity_Accounts_Details_page_from_entity_profile_page -->
  <testcase classname="com.RegistryModule2.Test.EAA_Page_Tests" name="Verification_of_navigate_back_to_entity_profile_from_account_details_page" time="0.000">
    <skipped/>
  </testcase> <!-- Verification_of_navigate_back_to_entity_profile_from_account_details_page -->
  <testcase classname="com.RegistryModule2.Test.EAA_Page_Tests" name="Verification_of_Search_entity" time="0.000">
    <skipped/>
  </testcase> <!-- Verification_of_Search_entity -->
  <testcase classname="com.RegistryModule2.Test.EAA_Page_Tests" name="Verification_of_navigation_of_Entity_details" time="0.000">
    <skipped/>
  </testcase> <!-- Verification_of_navigation_of_Entity_details -->
  <testcase classname="com.RegistryModule2.Test.EAA_Page_Tests" name="Verification_Entity_Status_of_Request_revision_EAA" time="0.000">
    <skipped/>
  </testcase> <!-- Verification_Entity_Status_of_Request_revision_EAA -->
  <testcase classname="com.RegistryModule2.Test.EAA_Page_Tests" name="Verification_of_Request_Status_after_submission" time="0.001">
    <skipped/>
  </testcase> <!-- Verification_of_Request_Status_after_submission -->
  <testcase classname="com.RegistryModule2.Test.EAA_Page_Tests" name="filterfunctionality" time="0.000">
    <skipped/>
  </testcase> <!-- filterfunctionality -->
  <testcase classname="com.RegistryModule2.Test.EAA_Page_Tests" name="addWiringInstruction" time="0.000">
    <skipped/>
  </testcase> <!-- addWiringInstruction -->
  <testcase classname="com.RegistryModule2.Test.EAA_Page_Tests" name="UI_Verification_of_Identifier_details_on_Entity_Profile_page_for_California_Jurisdiction_and_Covered_Or_GMPO_EntityType" time="0.000">
    <skipped/>
  </testcase> <!-- UI_Verification_of_Identifier_details_on_Entity_Profile_page_for_California_Jurisdiction_and_Covered_Or_GMPO_EntityType -->
  <testcase classname="com.RegistryModule2.Test.EAA_Page_Tests" name="UI_Verification_of_Identifier_details_on_Entity_Profile_page_for_Quebec_Jurisdiction_and_Covered_Or_GMPO_EntityType" time="0.000">
    <skipped/>
  </testcase> <!-- UI_Verification_of_Identifier_details_on_Entity_Profile_page_for_Quebec_Jurisdiction_and_Covered_Or_GMPO_EntityType -->
  <testcase classname="com.RegistryModule2.Test.EAA_Page_Tests" name="UI_Verification_of_Identifier_details_on_Entity_Profile_page_for_Ns_Jurisdiction_and_Covered_Or_GMPO_EntityType" time="0.000">
    <skipped/>
  </testcase> <!-- UI_Verification_of_Identifier_details_on_Entity_Profile_page_for_Ns_Jurisdiction_and_Covered_Or_GMPO_EntityType -->
  <testcase classname="com.RegistryModule2.Test.EAA_Page_Tests" name="UI_Verification_of_Identifier_details_on_Entity_Profile_page_for_WA_Jurisdiction_and_Covered_Or_GMPO_EntityType" time="0.000">
    <skipped/>
  </testcase> <!-- UI_Verification_of_Identifier_details_on_Entity_Profile_page_for_WA_Jurisdiction_and_Covered_Or_GMPO_EntityType -->
  <testcase classname="com.RegistryModule2.Test.EAA_Page_Tests" name="UI_Verification_of_Identifier_details_on_Entity_Profile_page_for_GMPI_EntityType" time="0.000">
    <skipped/>
  </testcase> <!-- UI_Verification_of_Identifier_details_on_Entity_Profile_page_for_GMPI_EntityType -->
  <testcase classname="com.RegistryModule2.Test.EAA_Page_Tests" name="Verification_of_multiple_EAA_initiation_by_pending_User" time="0.000">
    <skipped/>
  </testcase> <!-- Verification_of_multiple_EAA_initiation_by_pending_User -->
  <testcase classname="com.RegistryModule2.Test.EAA_Page_Tests" name="Verification_of_change_in_jurisdiction_when_Entity_ID_is_assigned_OR_Entity_created_is_in_Saved_status1" time="0.000">
    <skipped/>
  </testcase> <!-- Verification_of_change_in_jurisdiction_when_Entity_ID_is_assigned_OR_Entity_created_is_in_Saved_status1 -->
  <testcase classname="com.RegistryModule2.Test.EAA_Page_Tests" name="Verification_of_Textbox_when_user_selects_Other_in_the_Type_of_Organization_dropdown" time="0.000">
    <skipped/>
  </testcase> <!-- Verification_of_Textbox_when_user_selects_Other_in_the_Type_of_Organization_dropdown -->
  <testcase classname="com.RegistryModule2.Test.EAA_Page_Tests" name="T50033_Verification_Of_Mandatory_feilds_if_Not_Populated" time="0.000">
    <skipped/>
  </testcase> <!-- T50033_Verification_Of_Mandatory_feilds_if_Not_Populated -->
  <testcase classname="com.RegistryModule2.Test.EAA_Page_Tests" name="C36429_Verification_of_accessibility_of_Entity_Account_Application_other_than_Individual_user" time="0.000">
    <skipped/>
  </testcase> <!-- C36429_Verification_of_accessibility_of_Entity_Account_Application_other_than_Individual_user -->
  <testcase classname="com.RegistryModule2.Test.EAA_Page_Tests" name="C37541_Verification_Email_AddressField_For_Covered_EntityType" time="0.000">
    <skipped/>
  </testcase> <!-- C37541_Verification_Email_AddressField_For_Covered_EntityType -->
  <testcase classname="com.RegistryModule2.Test.EAA_Page_Tests" name="C37545_Verification_Email_AddressField_For_GMPO_EntityType" time="0.000">
    <skipped/>
  </testcase> <!-- C37545_Verification_Email_AddressField_For_GMPO_EntityType -->
  <testcase classname="com.RegistryModule2.Test.EAA_Page_Tests" name="C37543_UI_Verification_of_Alternate_Contact_Person_section_for_GMPO_entity_type" time="0.000">
    <skipped/>
  </testcase> <!-- C37543_UI_Verification_of_Alternate_Contact_Person_section_for_GMPO_entity_type -->
  <testcase classname="com.RegistryModule2.Test.EAA_Page_Tests" name="C37544_Verification_of_First_Name_Last_Name_and_Position_text_or_EmailAdress_fields_GMPO_entity_type" time="0.000">
    <skipped/>
  </testcase> <!-- C37544_Verification_of_First_Name_Last_Name_and_Position_text_or_EmailAdress_fields_GMPO_entity_type -->
  <testcase classname="com.RegistryModule2.Test.EAA_Page_Tests" name="Verification_of_Telephone_Num_Or_Mobile_Num_Last_Name_and_Position_text_fields_GMPO_entity_type" time="0.000">
    <skipped/>
  </testcase> <!-- Verification_of_Telephone_Num_Or_Mobile_Num_Last_Name_and_Position_text_fields_GMPO_entity_type -->
  <testcase classname="com.RegistryModule2.Test.EAA_Page_Tests" name="C37499_Verification_of_Select_Jurisdiction_dropdown_Searchable" time="0.000">
    <skipped/>
  </testcase> <!-- C37499_Verification_of_Select_Jurisdiction_dropdown_Searchable -->
  <testcase classname="com.RegistryModule2.Test.EAA_Page_Tests" name="C40009_Verification_of_Select_EntityType_dropdown_Searchable" time="0.000">
    <skipped/>
  </testcase> <!-- C40009_Verification_of_Select_EntityType_dropdown_Searchable -->
  <testcase classname="com.RegistryModule2.Test.EAA_Page_Tests" name="Verify_Type_Of_Organization_for_Quebec" time="0.000">
    <skipped/>
  </testcase> <!-- Verify_Type_Of_Organization_for_Quebec -->
</testsuite> <!-- com.RegistryModule2.Test.EAA_Page_Tests -->
