<?xml version="1.0" encoding="UTF-8"?>
<!-- Generated by org.testng.reporters.JUnitReportReporter -->
<testsuite hostname="EQHP-R38G-02" failures="0" tests="1" name="Tests.CMSTest" time="63.816" errors="0" timestamp="2023-12-28T15:46:52 IST" skipped="0">
  <testcase classname="Tests.CMSTest" name="Verification_of_Reset_button_functionality_of_Page_Content_Accordion" time="63.816"/>
  <system-out/>
</testsuite> <!-- Tests.CMSTest -->
